<?xml version="1.0" encoding="UTF-8"?>
<!-- Generated by org.testng.reporters.JUnitReportReporter -->
<testsuite skipped="0" hostname="cl1" name="com.readingpropertiesfile.ReadProperties" tests="1" failures="0" timestamp="05 Oct 2018 03:01:10 GMT" time="0.015" errors="0">
  <testcase name="loadPropertiesFile" time="0.015" classname="com.readingpropertiesfile.ReadProperties"/>
</testsuite> <!-- com.readingpropertiesfile.ReadProperties -->
