<?xml version="1.0" encoding="UTF-8"?>
<!-- Generated by org.testng.reporters.JUnitReportReporter -->
<testsuite skipped="0" hostname="cl1" name="com.SampleScript.PostScript" tests="1" failures="0" timestamp="05 Oct 2018 03:15:13 GMT" time="2.932" errors="0">
  <testcase name="vlidatepost" time="2.932" classname="com.SampleScript.PostScript"/>
</testsuite> <!-- com.SampleScript.PostScript -->
